<?xml version="1.0" encoding="UTF-8"?>
<testng-results ignored="0" total="1" passed="1" failed="0" skipped="0">
  <reporter-output>
  </reporter-output>
  <suite started-at="2025-12-12T15:43:05 IST" name="Default suite" finished-at="2025-12-12T15:43:12 IST" duration-ms="6377">
    <groups>
    </groups>
    <test started-at="2025-12-12T15:43:05 IST" name="Default test" finished-at="2025-12-12T15:43:12 IST" duration-ms="6377">
      <class name="testpkg.KPLoginTest">
        <test-method is-config="true" signature="login()[pri:0, instance:testpkg.KPLoginTest@1aafa419]" started-at="2025-12-12T15:43:05 IST" name="login" finished-at="2025-12-12T15:43:11 IST" duration-ms="5347" status="PASS">
          <reporter-output>
          </reporter-output>
        </test-method> <!-- login -->
        <test-method is-config="true" signature="methd()[pri:0, instance:testpkg.KPLoginTest@1aafa419]" started-at="2025-12-12T15:43:11 IST" name="methd" finished-at="2025-12-12T15:43:11 IST" duration-ms="55" status="PASS">
          <reporter-output>
          </reporter-output>
        </test-method> <!-- methd -->
        <test-method signature="logintest()[pri:0, instance:testpkg.KPLoginTest@1aafa419]" started-at="2025-12-12T15:43:11 IST" name="logintest" finished-at="2025-12-12T15:43:12 IST" duration-ms="869" status="PASS">
          <reporter-output>
          </reporter-output>
        </test-method> <!-- logintest -->
      </class> <!-- testpkg.KPLoginTest -->
    </test> <!-- Default test -->
  </suite> <!-- Default suite -->
</testng-results>
