<?xml version="1.0" encoding="UTF-8"?>
<!-- Generated by org.testng.reporters.JUnitReportReporter -->
<testsuite hostname="JoyalAnto" failures="0" tests="5" name="testng.Testingdemo" time="0.014" errors="0" timestamp="2025-11-21T11:30:55 IST" skipped="1">
  <testcase classname="testng.Testingdemo" name="test3" time="0.008"/>
  <testcase classname="testng.Testingdemo" name="test1" time="0.002"/>
  <testcase classname="testng.Testingdemo" name="test2" time="0.003"/>
  <testcase classname="testng.Testingdemo" name="test5" time="0.001"/>
  <testcase classname="testng.Testingdemo" name="test4">
    <skipped/>
  </testcase> <!-- test4 -->
</testsuite> <!-- testng.Testingdemo -->
