<?xml version="1.0" encoding="UTF-8"?>
<!-- Generated by org.testng.reporters.JUnitReportReporter -->
<testsuite hostname="JoyalAnto" failures="0" tests="3" name="testng.CrossBrowserTest" time="7.329" errors="0" timestamp="2025-11-27T13:09:18 IST" skipped="0">
  <testcase classname="testng.CrossBrowserTest" name="test" time="2.863"/>
  <testcase classname="testng.CrossBrowserTest" name="test" time="3.160"/>
  <testcase classname="testng.CrossBrowserTest" name="test" time="1.306"/>
</testsuite> <!-- testng.CrossBrowserTest -->
